  Alphanum.cpp
  Ball.cpp
C:\Users\tomok\OneDrive\デスクトップ\Pong\Pong\Ball.cpp(29,13): warning C4244: '=': 'double' から 'float' への変換です。データが失われる可能性があります。
C:\Users\tomok\OneDrive\デスクトップ\Pong\Pong\Ball.cpp(30,13): warning C4244: '=': 'double' から 'float' への変換です。データが失われる可能性があります。
  Court.cpp
  Game.cpp
  Main.cpp
  Paddle.cpp
  Pong.cpp
C:\Users\tomok\OneDrive\デスクトップ\Pong\Pong\Pong.cpp(15,58): warning C4244: '引数': 'float' から 'int' への変換です。データが失われる可能性があります。
C:\Users\tomok\OneDrive\デスクトップ\Pong\Pong\Pong.cpp(16,59): warning C4244: '引数': 'float' から 'int' への変換です。データが失われる可能性があります。
C:\Users\tomok\OneDrive\デスクトップ\Pong\Pong\Pong.cpp(35,58): warning C4244: '引数': 'float' から 'int' への変換です。データが失われる可能性があります。
C:\Users\tomok\OneDrive\デスクトップ\Pong\Pong\Pong.cpp(36,59): warning C4244: '引数': 'float' から 'int' への変換です。データが失われる可能性があります。
C:\Users\tomok\OneDrive\デスクトップ\Pong\Pong\Pong.cpp(72,58): warning C4244: '引数': 'float' から 'int' への変換です。データが失われる可能性があります。
C:\Users\tomok\OneDrive\デスクトップ\Pong\Pong\Pong.cpp(83,59): warning C4244: '引数': 'float' から 'int' への変換です。データが失われる可能性があります。
C:\Users\tomok\OneDrive\デスクトップ\Pong\Pong\Pong.cpp(150,105): warning C4244: '引数': 'float' から 'int' への変換です。データが失われる可能性があります。
C:\Users\tomok\OneDrive\デスクトップ\Pong\Pong\Pong.cpp(150,63): warning C4244: '引数': 'float' から 'int' への変換です。データが失われる可能性があります。
C:\Users\tomok\OneDrive\デスクトップ\Pong\Pong\Pong.cpp(151,101): warning C4244: '引数': 'float' から 'int' への変換です。データが失われる可能性があります。
C:\Users\tomok\OneDrive\デスクトップ\Pong\Pong\Pong.cpp(151,63): warning C4244: '引数': 'float' から 'int' への変換です。データが失われる可能性があります。
C:\Users\tomok\OneDrive\デスクトップ\Pong\Pong\Pong.cpp(152,91): warning C4244: '引数': 'float' から 'int' への変換です。データが失われる可能性があります。
C:\Users\tomok\OneDrive\デスクトップ\Pong\Pong\Pong.cpp(152,47): warning C4244: '引数': 'float' から 'int' への変換です。データが失われる可能性があります。
C:\Users\tomok\OneDrive\デスクトップ\Pong\Pong\Pong.cpp(153,101): warning C4244: '引数': 'float' から 'int' への変換です。データが失われる可能性があります。
C:\Users\tomok\OneDrive\デスクトップ\Pong\Pong\Pong.cpp(153,63): warning C4244: '引数': 'float' から 'int' への変換です。データが失われる可能性があります。
C:\Users\tomok\OneDrive\デスクトップ\Pong\Pong\Pong.cpp(154,105): warning C4244: '引数': 'float' から 'int' への変換です。データが失われる可能性があります。
C:\Users\tomok\OneDrive\デスクトップ\Pong\Pong\Pong.cpp(154,63): warning C4244: '引数': 'float' から 'int' への変換です。データが失われる可能性があります。
C:\Users\tomok\OneDrive\デスクトップ\Pong\Pong\Pong.cpp(155,109): warning C4244: '引数': 'float' から 'int' への変換です。データが失われる可能性があります。
C:\Users\tomok\OneDrive\デスクトップ\Pong\Pong\Pong.cpp(155,67): warning C4244: '引数': 'float' から 'int' への変換です。データが失われる可能性があります。
C:\Users\tomok\OneDrive\デスクトップ\Pong\Pong\Pong.cpp(156,105): warning C4244: '引数': 'float' から 'int' への変換です。データが失われる可能性があります。
C:\Users\tomok\OneDrive\デスクトップ\Pong\Pong\Pong.cpp(156,67): warning C4244: '引数': 'float' から 'int' への変換です。データが失われる可能性があります。
C:\Users\tomok\OneDrive\デスクトップ\Pong\Pong\Pong.cpp(157,105): warning C4244: '引数': 'float' から 'int' への変換です。データが失われる可能性があります。
C:\Users\tomok\OneDrive\デスクトップ\Pong\Pong\Pong.cpp(157,67): warning C4244: '引数': 'float' から 'int' への変換です。データが失われる可能性があります。
C:\Users\tomok\OneDrive\デスクトップ\Pong\Pong\Pong.cpp(158,109): warning C4244: '引数': 'float' から 'int' への変換です。データが失われる可能性があります。
C:\Users\tomok\OneDrive\デスクトップ\Pong\Pong\Pong.cpp(158,67): warning C4244: '引数': 'float' から 'int' への変換です。データが失われる可能性があります。
C:\Users\tomok\OneDrive\デスクトップ\Pong\Pong\Pong.cpp(159,105): warning C4244: '引数': 'float' から 'int' への変換です。データが失われる可能性があります。
C:\Users\tomok\OneDrive\デスクトップ\Pong\Pong\Pong.cpp(159,67): warning C4244: '引数': 'float' から 'int' への変換です。データが失われる可能性があります。
C:\Users\tomok\OneDrive\デスクトップ\Pong\Pong\Pong.cpp(160,105): warning C4244: '引数': 'float' から 'int' への変換です。データが失われる可能性があります。
C:\Users\tomok\OneDrive\デスクトップ\Pong\Pong\Pong.cpp(160,67): warning C4244: '引数': 'float' から 'int' への変換です。データが失われる可能性があります。
C:\Users\tomok\OneDrive\デスクトップ\Pong\Pong\Pong.cpp(161,92): warning C4244: '引数': 'float' から 'int' への変換です。データが失われる可能性があります。
C:\Users\tomok\OneDrive\デスクトップ\Pong\Pong\Pong.cpp(161,67): warning C4244: '引数': 'float' から 'int' への変換です。データが失われる可能性があります。
C:\Users\tomok\OneDrive\デスクトップ\Pong\Pong\Pong.cpp(162,88): warning C4244: '引数': 'float' から 'int' への変換です。データが失われる可能性があります。
C:\Users\tomok\OneDrive\デスクトップ\Pong\Pong\Pong.cpp(162,67): warning C4244: '引数': 'float' から 'int' への変換です。データが失われる可能性があります。
C:\Users\tomok\OneDrive\デスクトップ\Pong\Pong\Pong.cpp(163,88): warning C4244: '引数': 'float' から 'int' への変換です。データが失われる可能性があります。
C:\Users\tomok\OneDrive\デスクトップ\Pong\Pong\Pong.cpp(163,67): warning C4244: '引数': 'float' から 'int' への変換です。データが失われる可能性があります。
C:\Users\tomok\OneDrive\デスクトップ\Pong\Pong\Pong.cpp(164,105): warning C4244: '引数': 'float' から 'int' への変換です。データが失われる可能性があります。
C:\Users\tomok\OneDrive\デスクトップ\Pong\Pong\Pong.cpp(164,63): warning C4244: '引数': 'float' から 'int' への変換です。データが失われる可能性があります。
C:\Users\tomok\OneDrive\デスクトップ\Pong\Pong\Pong.cpp(165,101): warning C4244: '引数': 'float' から 'int' への変換です。データが失われる可能性があります。
C:\Users\tomok\OneDrive\デスクトップ\Pong\Pong\Pong.cpp(165,63): warning C4244: '引数': 'float' から 'int' への変換です。データが失われる可能性があります。
C:\Users\tomok\OneDrive\デスクトップ\Pong\Pong\Pong.cpp(166,91): warning C4244: '引数': 'float' から 'int' への変換です。データが失われる可能性があります。
C:\Users\tomok\OneDrive\デスクトップ\Pong\Pong\Pong.cpp(166,47): warning C4244: '引数': 'float' から 'int' への変換です。データが失われる可能性があります。
C:\Users\tomok\OneDrive\デスクトップ\Pong\Pong\Pong.cpp(167,101): warning C4244: '引数': 'float' から 'int' への変換です。データが失われる可能性があります。
C:\Users\tomok\OneDrive\デスクトップ\Pong\Pong\Pong.cpp(167,63): warning C4244: '引数': 'float' から 'int' への変換です。データが失われる可能性があります。
C:\Users\tomok\OneDrive\デスクトップ\Pong\Pong\Pong.cpp(168,105): warning C4244: '引数': 'float' から 'int' への変換です。データが失われる可能性があります。
C:\Users\tomok\OneDrive\デスクトップ\Pong\Pong\Pong.cpp(168,63): warning C4244: '引数': 'float' から 'int' への変換です。データが失われる可能性があります。
C:\Users\tomok\OneDrive\デスクトップ\Pong\Pong\Pong.cpp(169,95): warning C4244: '引数': 'float' から 'int' への変換です。データが失われる可能性があります。
C:\Users\tomok\OneDrive\デスクトップ\Pong\Pong\Pong.cpp(169,51): warning C4244: '引数': 'float' から 'int' への変換です。データが失われる可能性があります。
C:\Users\tomok\OneDrive\デスクトップ\Pong\Pong\Pong.cpp(180,105): warning C4244: '引数': 'float' から 'int' への変換です。データが失われる可能性があります。
C:\Users\tomok\OneDrive\デスクトップ\Pong\Pong\Pong.cpp(180,63): warning C4244: '引数': 'float' から 'int' への変換です。データが失われる可能性があります。
C:\Users\tomok\OneDrive\デスクトップ\Pong\Pong\Pong.cpp(181,101): warning C4244: '引数': 'float' から 'int' への変換です。データが失われる可能性があります。
C:\Users\tomok\OneDrive\デスクトップ\Pong\Pong\Pong.cpp(181,63): warning C4244: '引数': 'float' から 'int' への変換です。データが失われる可能性があります。
C:\Users\tomok\OneDrive\デスクトップ\Pong\Pong\Pong.cpp(182,91): warning C4244: '引数': 'float' から 'int' への変換です。データが失われる可能性があります。
C:\Users\tomok\OneDrive\デスクトップ\Pong\Pong\Pong.cpp(182,47): warning C4244: '引数': 'float' から 'int' への変換です。データが失われる可能性があります。
C:\Users\tomok\OneDrive\デスクトップ\Pong\Pong\Pong.cpp(183,101): warning C4244: '引数': 'float' から 'int' への変換です。データが失われる可能性があります。
C:\Users\tomok\OneDrive\デスクトップ\Pong\Pong\Pong.cpp(183,63): warning C4244: '引数': 'float' から 'int' への変換です。データが失われる可能性があります。
C:\Users\tomok\OneDrive\デスクトップ\Pong\Pong\Pong.cpp(184,105): warning C4244: '引数': 'float' から 'int' への変換です。データが失われる可能性があります。
C:\Users\tomok\OneDrive\デスクトップ\Pong\Pong\Pong.cpp(184,63): warning C4244: '引数': 'float' から 'int' への変換です。データが失われる可能性があります。
C:\Users\tomok\OneDrive\デスクトップ\Pong\Pong\Pong.cpp(185,95): warning C4244: '引数': 'float' から 'int' への変換です。データが失われる可能性があります。
C:\Users\tomok\OneDrive\デスクトップ\Pong\Pong\Pong.cpp(185,51): warning C4244: '引数': 'float' から 'int' への変換です。データが失われる可能性があります。
  コードを生成中...
  Pong.vcxproj -> C:\Users\tomok\OneDrive\デスクトップ\Pong\x64\Debug\Pong.exe
  ..\external\SDL2-2.0.18\lib\x64\SDL2.dll
  1 個のファイルをコピーしました
